<?xml version="1.0" encoding="UTF-8"?>
<testng-results skipped="0" failed="0" total="0" passed="0">
  <reporter-output>
  </reporter-output>
  <suite name="ic-utils-sourcecrawler by packages" duration-ms="6" started-at="2013-08-05T15:30:13Z" finished-at="2013-08-05T15:30:13Z">
    <groups>
    </groups>
    <test name="*" duration-ms="6" started-at="2013-08-05T15:30:13Z" finished-at="2013-08-05T15:30:13Z">
    </test> <!-- * -->
  </suite> <!-- ic-utils-sourcecrawler by packages -->
</testng-results>
